[0416/210858:WARNING:dns_config_service_win.cc(665)] Failed to read DnsConfig.
[0417/083211:WARNING:dns_config_service_win.cc(665)] Failed to read DnsConfig.
[0423/092241:ERROR:tcp_socket_win.cc(335)] bind() returned an error: 通常每个套接字地址(协议/网络地址/端口)只允许使用一次。 (0x2740)
[0423/092241:ERROR:devtools_http_handler.cc(229)] Cannot start http server for devtools. Stop devtools.
[0423/092318:ERROR:cache_util_win.cc(20)] Unable to move the cache: 5
[0423/092318:ERROR:cache_util.cc(134)] Unable to move cache folder C:\ProgramData\Altium\Altium Designer {EF685E31-FEAA-436C-AB27-59DE0A1D8D65}\BrowserCache\GPUCache to C:\ProgramData\Altium\Altium Designer {EF685E31-FEAA-436C-AB27-59DE0A1D8D65}\BrowserCache\old_GPUCache_000
[0423/092318:ERROR:cache_creator.cc(129)] Unable to create cache
[0423/092318:ERROR:shader_disk_cache.cc(589)] Shader Cache Creation failed: -2
[0423/201912:WARNING:dns_config_service_win.cc(665)] Failed to read DnsConfig.
[0423/231912:WARNING:dns_config_service_win.cc(665)] Failed to read DnsConfig.
[0423/231919:WARNING:dns_config_service_win.cc(665)] Failed to read DnsConfig.
[0424/083654:WARNING:dns_config_service_win.cc(665)] Failed to read DnsConfig.
[0424/084243:WARNING:dns_config_service_win.cc(665)] Failed to read DnsConfig.
[0424/084248:WARNING:dns_config_service_win.cc(665)] Failed to read DnsConfig.
[0424/084253:WARNING:dns_config_service_win.cc(665)] Failed to read DnsConfig.
[0424/084259:WARNING:dns_config_service_win.cc(665)] Failed to read DnsConfig.
[0424/084815:WARNING:dns_config_service_win.cc(665)] Failed to read DnsConfig.
[0424/084815:WARNING:dns_config_service_win.cc(665)] Failed to read DnsConfig.
[0424/084820:WARNING:dns_config_service_win.cc(665)] Failed to read DnsConfig.
[0424/084820:WARNING:dns_config_service_win.cc(665)] Failed to read DnsConfig.
[0424/084823:WARNING:dns_config_service_win.cc(665)] Failed to read DnsConfig.
[0424/084825:WARNING:dns_config_service_win.cc(665)] Failed to read DnsConfig.
[0424/084825:WARNING:dns_config_service_win.cc(665)] Failed to read DnsConfig.
[0424/091625:WARNING:dns_config_service_win.cc(665)] Failed to read DnsConfig.
[0424/180538:WARNING:dns_config_service_win.cc(665)] Failed to read DnsConfig.
[0424/180543:WARNING:dns_config_service_win.cc(665)] Failed to read DnsConfig.
[0424/180548:WARNING:dns_config_service_win.cc(665)] Failed to read DnsConfig.
[0424/180553:WARNING:dns_config_service_win.cc(665)] Failed to read DnsConfig.
[0424/180600:WARNING:dns_config_service_win.cc(665)] Failed to read DnsConfig.
[0424/180605:WARNING:dns_config_service_win.cc(665)] Failed to read DnsConfig.
[0424/180610:WARNING:dns_config_service_win.cc(665)] Failed to read DnsConfig.
[0424/180615:WARNING:dns_config_service_win.cc(665)] Failed to read DnsConfig.
[0424/180620:WARNING:dns_config_service_win.cc(665)] Failed to read DnsConfig.
[0424/180625:WARNING:dns_config_service_win.cc(665)] Failed to read DnsConfig.
[0424/180630:WARNING:dns_config_service_win.cc(665)] Failed to read DnsConfig.
[0424/180635:WARNING:dns_config_service_win.cc(665)] Failed to read DnsConfig.
[0424/180640:WARNING:dns_config_service_win.cc(665)] Failed to read DnsConfig.
[0424/180645:WARNING:dns_config_service_win.cc(665)] Failed to read DnsConfig.
[0424/180650:WARNING:dns_config_service_win.cc(665)] Failed to read DnsConfig.
[0424/180655:WARNING:dns_config_service_win.cc(665)] Failed to read DnsConfig.
[0424/180700:WARNING:dns_config_service_win.cc(665)] Failed to read DnsConfig.
[0424/180705:WARNING:dns_config_service_win.cc(665)] Failed to read DnsConfig.
[0424/180710:WARNING:dns_config_service_win.cc(665)] Failed to read DnsConfig.
[0424/180716:WARNING:dns_config_service_win.cc(665)] Failed to read DnsConfig.
[0424/180721:WARNING:dns_config_service_win.cc(665)] Failed to read DnsConfig.
[0424/180726:WARNING:dns_config_service_win.cc(665)] Failed to read DnsConfig.
[0424/180731:WARNING:dns_config_service_win.cc(665)] Failed to read DnsConfig.
[0424/180736:WARNING:dns_config_service_win.cc(665)] Failed to read DnsConfig.
[0424/180741:WARNING:dns_config_service_win.cc(665)] Failed to read DnsConfig.
[0424/180746:WARNING:dns_config_service_win.cc(665)] Failed to read DnsConfig.
[0424/180751:WARNING:dns_config_service_win.cc(665)] Failed to read DnsConfig.
[0424/180756:WARNING:dns_config_service_win.cc(665)] Failed to read DnsConfig.
[0424/180801:WARNING:dns_config_service_win.cc(665)] Failed to read DnsConfig.
[0424/180806:WARNING:dns_config_service_win.cc(665)] Failed to read DnsConfig.
[0424/180811:WARNING:dns_config_service_win.cc(665)] Failed to read DnsConfig.
[0424/180816:WARNING:dns_config_service_win.cc(665)] Failed to read DnsConfig.
[0424/180821:WARNING:dns_config_service_win.cc(665)] Failed to read DnsConfig.
[0424/180826:WARNING:dns_config_service_win.cc(665)] Failed to read DnsConfig.
[0424/180831:WARNING:dns_config_service_win.cc(665)] Failed to read DnsConfig.
[0424/180837:WARNING:dns_config_service_win.cc(665)] Failed to read DnsConfig.
[0424/180842:WARNING:dns_config_service_win.cc(665)] Failed to read DnsConfig.
[0424/180847:WARNING:dns_config_service_win.cc(665)] Failed to read DnsConfig.
[0424/180852:WARNING:dns_config_service_win.cc(665)] Failed to read DnsConfig.
[0424/180857:WARNING:dns_config_service_win.cc(665)] Failed to read DnsConfig.
[0424/180902:WARNING:dns_config_service_win.cc(665)] Failed to read DnsConfig.
[0424/180907:WARNING:dns_config_service_win.cc(665)] Failed to read DnsConfig.
[0424/180912:WARNING:dns_config_service_win.cc(665)] Failed to read DnsConfig.
[0424/180917:WARNING:dns_config_service_win.cc(665)] Failed to read DnsConfig.
[0424/180922:WARNING:dns_config_service_win.cc(665)] Failed to read DnsConfig.
[0424/180927:WARNING:dns_config_service_win.cc(665)] Failed to read DnsConfig.
[0424/180932:WARNING:dns_config_service_win.cc(665)] Failed to read DnsConfig.
[0424/180937:WARNING:dns_config_service_win.cc(665)] Failed to read DnsConfig.
[0424/180942:WARNING:dns_config_service_win.cc(665)] Failed to read DnsConfig.
[0424/180947:WARNING:dns_config_service_win.cc(665)] Failed to read DnsConfig.
[0424/180952:WARNING:dns_config_service_win.cc(665)] Failed to read DnsConfig.
[0424/180958:WARNING:dns_config_service_win.cc(665)] Failed to read DnsConfig.
[0424/181003:WARNING:dns_config_service_win.cc(665)] Failed to read DnsConfig.
[0424/181008:WARNING:dns_config_service_win.cc(665)] Failed to read DnsConfig.
[0424/181013:WARNING:dns_config_service_win.cc(665)] Failed to read DnsConfig.
[0424/181018:WARNING:dns_config_service_win.cc(665)] Failed to read DnsConfig.
[0424/181023:WARNING:dns_config_service_win.cc(665)] Failed to read DnsConfig.
[0424/181028:WARNING:dns_config_service_win.cc(665)] Failed to read DnsConfig.
[0424/181033:WARNING:dns_config_service_win.cc(665)] Failed to read DnsConfig.
[0424/181038:WARNING:dns_config_service_win.cc(665)] Failed to read DnsConfig.
[0424/181043:WARNING:dns_config_service_win.cc(665)] Failed to read DnsConfig.
[0424/181048:WARNING:dns_config_service_win.cc(665)] Failed to read DnsConfig.
[0424/181053:WARNING:dns_config_service_win.cc(665)] Failed to read DnsConfig.
[0424/181058:WARNING:dns_config_service_win.cc(665)] Failed to read DnsConfig.
[0424/181103:WARNING:dns_config_service_win.cc(665)] Failed to read DnsConfig.
[0424/181108:WARNING:dns_config_service_win.cc(665)] Failed to read DnsConfig.
[0424/181113:WARNING:dns_config_service_win.cc(665)] Failed to read DnsConfig.
[0424/181119:WARNING:dns_config_service_win.cc(665)] Failed to read DnsConfig.
[0424/181124:WARNING:dns_config_service_win.cc(665)] Failed to read DnsConfig.
[0424/181129:WARNING:dns_config_service_win.cc(665)] Failed to read DnsConfig.
[0424/181134:WARNING:dns_config_service_win.cc(665)] Failed to read DnsConfig.
[0424/181139:WARNING:dns_config_service_win.cc(665)] Failed to read DnsConfig.
[0424/181144:WARNING:dns_config_service_win.cc(665)] Failed to read DnsConfig.
[0424/181149:WARNING:dns_config_service_win.cc(665)] Failed to read DnsConfig.
[0424/181154:WARNING:dns_config_service_win.cc(665)] Failed to read DnsConfig.
[0424/181159:WARNING:dns_config_service_win.cc(665)] Failed to read DnsConfig.
[0424/181204:WARNING:dns_config_service_win.cc(665)] Failed to read DnsConfig.
[0424/181209:WARNING:dns_config_service_win.cc(665)] Failed to read DnsConfig.
[0424/181214:WARNING:dns_config_service_win.cc(665)] Failed to read DnsConfig.
[0424/181219:WARNING:dns_config_service_win.cc(665)] Failed to read DnsConfig.
[0424/181225:WARNING:dns_config_service_win.cc(665)] Failed to read DnsConfig.
[0424/181230:WARNING:dns_config_service_win.cc(665)] Failed to read DnsConfig.
[0424/181235:WARNING:dns_config_service_win.cc(665)] Failed to read DnsConfig.
[0424/181240:WARNING:dns_config_service_win.cc(665)] Failed to read DnsConfig.
[0424/181245:WARNING:dns_config_service_win.cc(665)] Failed to read DnsConfig.
[0424/181250:WARNING:dns_config_service_win.cc(665)] Failed to read DnsConfig.
[0424/181255:WARNING:dns_config_service_win.cc(665)] Failed to read DnsConfig.
[0424/181300:WARNING:dns_config_service_win.cc(665)] Failed to read DnsConfig.
[0424/181305:WARNING:dns_config_service_win.cc(665)] Failed to read DnsConfig.
[0424/181310:WARNING:dns_config_service_win.cc(665)] Failed to read DnsConfig.
[0424/181315:WARNING:dns_config_service_win.cc(665)] Failed to read DnsConfig.
[0424/181320:WARNING:dns_config_service_win.cc(665)] Failed to read DnsConfig.
[0424/181325:WARNING:dns_config_service_win.cc(665)] Failed to read DnsConfig.
[0424/181330:WARNING:dns_config_service_win.cc(665)] Failed to read DnsConfig.
[0424/181336:WARNING:dns_config_service_win.cc(665)] Failed to read DnsConfig.
[0424/181341:WARNING:dns_config_service_win.cc(665)] Failed to read DnsConfig.
[0424/181346:WARNING:dns_config_service_win.cc(665)] Failed to read DnsConfig.
[0424/181351:WARNING:dns_config_service_win.cc(665)] Failed to read DnsConfig.
[0424/181356:WARNING:dns_config_service_win.cc(665)] Failed to read DnsConfig.
[0424/181401:WARNING:dns_config_service_win.cc(665)] Failed to read DnsConfig.
[0424/181406:WARNING:dns_config_service_win.cc(665)] Failed to read DnsConfig.
[0424/181411:WARNING:dns_config_service_win.cc(665)] Failed to read DnsConfig.
[0424/181416:WARNING:dns_config_service_win.cc(665)] Failed to read DnsConfig.
[0424/181421:WARNING:dns_config_service_win.cc(665)] Failed to read DnsConfig.
[0424/183143:WARNING:dns_config_service_win.cc(665)] Failed to read DnsConfig.
[0424/183146:WARNING:dns_config_service_win.cc(665)] Failed to read DnsConfig.
[0424/183148:WARNING:dns_config_service_win.cc(665)] Failed to read DnsConfig.
[0424/213149:WARNING:dns_config_service_win.cc(665)] Failed to read DnsConfig.
[0424/213154:WARNING:dns_config_service_win.cc(665)] Failed to read DnsConfig.
[0426/083207:WARNING:dns_config_service_win.cc(665)] Failed to read DnsConfig.
[0426/145104:WARNING:dns_config_service_win.cc(665)] Failed to read DnsConfig.
[0426/145109:WARNING:dns_config_service_win.cc(665)] Failed to read DnsConfig.
[0426/145114:WARNING:dns_config_service_win.cc(665)] Failed to read DnsConfig.
[0426/145119:WARNING:dns_config_service_win.cc(665)] Failed to read DnsConfig.
[0426/145124:WARNING:dns_config_service_win.cc(665)] Failed to read DnsConfig.
[0426/145129:WARNING:dns_config_service_win.cc(665)] Failed to read DnsConfig.
[0426/145134:WARNING:dns_config_service_win.cc(665)] Failed to read DnsConfig.
[0426/145139:WARNING:dns_config_service_win.cc(665)] Failed to read DnsConfig.
[0426/145144:WARNING:dns_config_service_win.cc(665)] Failed to read DnsConfig.
[0426/145149:WARNING:dns_config_service_win.cc(665)] Failed to read DnsConfig.
[0426/145154:WARNING:dns_config_service_win.cc(665)] Failed to read DnsConfig.
[0426/145159:WARNING:dns_config_service_win.cc(665)] Failed to read DnsConfig.
[0426/145204:WARNING:dns_config_service_win.cc(665)] Failed to read DnsConfig.
[0426/145209:WARNING:dns_config_service_win.cc(665)] Failed to read DnsConfig.
[0426/145214:WARNING:dns_config_service_win.cc(665)] Failed to read DnsConfig.
[0426/145220:WARNING:dns_config_service_win.cc(665)] Failed to read DnsConfig.
[0426/145225:WARNING:dns_config_service_win.cc(665)] Failed to read DnsConfig.
[0426/145230:WARNING:dns_config_service_win.cc(665)] Failed to read DnsConfig.
[0426/160952:WARNING:dns_config_service_win.cc(665)] Failed to read DnsConfig.
[0426/160957:WARNING:dns_config_service_win.cc(665)] Failed to read DnsConfig.
[0426/161002:WARNING:dns_config_service_win.cc(665)] Failed to read DnsConfig.
[0426/161007:WARNING:dns_config_service_win.cc(665)] Failed to read DnsConfig.
[0426/161013:WARNING:dns_config_service_win.cc(665)] Failed to read DnsConfig.
[0426/161018:WARNING:dns_config_service_win.cc(665)] Failed to read DnsConfig.
[0426/161023:WARNING:dns_config_service_win.cc(665)] Failed to read DnsConfig.
[0426/161028:WARNING:dns_config_service_win.cc(665)] Failed to read DnsConfig.
[0426/161033:WARNING:dns_config_service_win.cc(665)] Failed to read DnsConfig.
[0426/161038:WARNING:dns_config_service_win.cc(665)] Failed to read DnsConfig.
[0426/161043:WARNING:dns_config_service_win.cc(665)] Failed to read DnsConfig.
[0426/161048:WARNING:dns_config_service_win.cc(665)] Failed to read DnsConfig.
[0426/161053:WARNING:dns_config_service_win.cc(665)] Failed to read DnsConfig.
[0426/161058:WARNING:dns_config_service_win.cc(665)] Failed to read DnsConfig.
[0426/161103:WARNING:dns_config_service_win.cc(665)] Failed to read DnsConfig.
[0426/161108:WARNING:dns_config_service_win.cc(665)] Failed to read DnsConfig.
[0426/161113:WARNING:dns_config_service_win.cc(665)] Failed to read DnsConfig.
[0426/161118:WARNING:dns_config_service_win.cc(665)] Failed to read DnsConfig.
[0426/161123:WARNING:dns_config_service_win.cc(665)] Failed to read DnsConfig.
[0426/161128:WARNING:dns_config_service_win.cc(665)] Failed to read DnsConfig.
[0426/161134:WARNING:dns_config_service_win.cc(665)] Failed to read DnsConfig.
[0426/161139:WARNING:dns_config_service_win.cc(665)] Failed to read DnsConfig.
[0426/161144:WARNING:dns_config_service_win.cc(665)] Failed to read DnsConfig.
[0426/161149:WARNING:dns_config_service_win.cc(665)] Failed to read DnsConfig.
[0426/161154:WARNING:dns_config_service_win.cc(665)] Failed to read DnsConfig.
[0426/161159:WARNING:dns_config_service_win.cc(665)] Failed to read DnsConfig.
[0426/161204:WARNING:dns_config_service_win.cc(665)] Failed to read DnsConfig.
[0426/161209:WARNING:dns_config_service_win.cc(665)] Failed to read DnsConfig.
[0426/161214:WARNING:dns_config_service_win.cc(665)] Failed to read DnsConfig.
[0426/161219:WARNING:dns_config_service_win.cc(665)] Failed to read DnsConfig.
[0426/161224:WARNING:dns_config_service_win.cc(665)] Failed to read DnsConfig.
[0426/161229:WARNING:dns_config_service_win.cc(665)] Failed to read DnsConfig.
[0426/161234:WARNING:dns_config_service_win.cc(665)] Failed to read DnsConfig.
[0426/161239:WARNING:dns_config_service_win.cc(665)] Failed to read DnsConfig.
[0426/161244:WARNING:dns_config_service_win.cc(665)] Failed to read DnsConfig.
[0426/161249:WARNING:dns_config_service_win.cc(665)] Failed to read DnsConfig.
[0426/161254:WARNING:dns_config_service_win.cc(665)] Failed to read DnsConfig.
[0426/161259:WARNING:dns_config_service_win.cc(665)] Failed to read DnsConfig.
[0426/161305:WARNING:dns_config_service_win.cc(665)] Failed to read DnsConfig.
[0426/161310:WARNING:dns_config_service_win.cc(665)] Failed to read DnsConfig.
[0426/161315:WARNING:dns_config_service_win.cc(665)] Failed to read DnsConfig.
[0426/161320:WARNING:dns_config_service_win.cc(665)] Failed to read DnsConfig.
[0426/161325:WARNING:dns_config_service_win.cc(665)] Failed to read DnsConfig.
[0426/161330:WARNING:dns_config_service_win.cc(665)] Failed to read DnsConfig.
[0426/161335:WARNING:dns_config_service_win.cc(665)] Failed to read DnsConfig.
[0426/161340:WARNING:dns_config_service_win.cc(665)] Failed to read DnsConfig.
[0426/161345:WARNING:dns_config_service_win.cc(665)] Failed to read DnsConfig.
[0426/161350:WARNING:dns_config_service_win.cc(665)] Failed to read DnsConfig.
[0426/161355:WARNING:dns_config_service_win.cc(665)] Failed to read DnsConfig.
[0426/161400:WARNING:dns_config_service_win.cc(665)] Failed to read DnsConfig.
[0426/161405:WARNING:dns_config_service_win.cc(665)] Failed to read DnsConfig.
[0426/161410:WARNING:dns_config_service_win.cc(665)] Failed to read DnsConfig.
[0426/161415:WARNING:dns_config_service_win.cc(665)] Failed to read DnsConfig.
[0426/161420:WARNING:dns_config_service_win.cc(665)] Failed to read DnsConfig.
[0426/161426:WARNING:dns_config_service_win.cc(665)] Failed to read DnsConfig.
[0426/161431:WARNING:dns_config_service_win.cc(665)] Failed to read DnsConfig.
[0426/161436:WARNING:dns_config_service_win.cc(665)] Failed to read DnsConfig.
[0426/161441:WARNING:dns_config_service_win.cc(665)] Failed to read DnsConfig.
[0426/161446:WARNING:dns_config_service_win.cc(665)] Failed to read DnsConfig.
[0426/161451:WARNING:dns_config_service_win.cc(665)] Failed to read DnsConfig.
[0426/161456:WARNING:dns_config_service_win.cc(665)] Failed to read DnsConfig.
[0426/161501:WARNING:dns_config_service_win.cc(665)] Failed to read DnsConfig.
[0426/161506:WARNING:dns_config_service_win.cc(665)] Failed to read DnsConfig.
[0426/161511:WARNING:dns_config_service_win.cc(665)] Failed to read DnsConfig.
[0426/161516:WARNING:dns_config_service_win.cc(665)] Failed to read DnsConfig.
[0426/161521:WARNING:dns_config_service_win.cc(665)] Failed to read DnsConfig.
[0426/161526:WARNING:dns_config_service_win.cc(665)] Failed to read DnsConfig.
[0426/161531:WARNING:dns_config_service_win.cc(665)] Failed to read DnsConfig.
[0426/161536:WARNING:dns_config_service_win.cc(665)] Failed to read DnsConfig.
[0426/161541:WARNING:dns_config_service_win.cc(665)] Failed to read DnsConfig.
[0426/161546:WARNING:dns_config_service_win.cc(665)] Failed to read DnsConfig.
[0426/161552:WARNING:dns_config_service_win.cc(665)] Failed to read DnsConfig.
[0426/161557:WARNING:dns_config_service_win.cc(665)] Failed to read DnsConfig.
[0426/161602:WARNING:dns_config_service_win.cc(665)] Failed to read DnsConfig.
[0426/161607:WARNING:dns_config_service_win.cc(665)] Failed to read DnsConfig.
[0426/161827:WARNING:dns_config_service_win.cc(665)] Failed to read DnsConfig.
[0426/161832:WARNING:dns_config_service_win.cc(665)] Failed to read DnsConfig.
[0426/161837:WARNING:dns_config_service_win.cc(665)] Failed to read DnsConfig.
[0426/161842:WARNING:dns_config_service_win.cc(665)] Failed to read DnsConfig.
[0426/161935:WARNING:dns_config_service_win.cc(665)] Failed to read DnsConfig.
[0426/161940:WARNING:dns_config_service_win.cc(665)] Failed to read DnsConfig.
[0426/161945:WARNING:dns_config_service_win.cc(665)] Failed to read DnsConfig.
[0426/162031:WARNING:dns_config_service_win.cc(665)] Failed to read DnsConfig.
[0426/162036:WARNING:dns_config_service_win.cc(665)] Failed to read DnsConfig.
[0426/162042:WARNING:dns_config_service_win.cc(665)] Failed to read DnsConfig.
[0426/162047:WARNING:dns_config_service_win.cc(665)] Failed to read DnsConfig.
[0426/162052:WARNING:dns_config_service_win.cc(665)] Failed to read DnsConfig.
[0426/162057:WARNING:dns_config_service_win.cc(665)] Failed to read DnsConfig.
[0426/162102:WARNING:dns_config_service_win.cc(665)] Failed to read DnsConfig.
[0426/162107:WARNING:dns_config_service_win.cc(665)] Failed to read DnsConfig.
[0426/162112:WARNING:dns_config_service_win.cc(665)] Failed to read DnsConfig.
[0426/162117:WARNING:dns_config_service_win.cc(665)] Failed to read DnsConfig.
[0426/162122:WARNING:dns_config_service_win.cc(665)] Failed to read DnsConfig.
[0426/162127:WARNING:dns_config_service_win.cc(665)] Failed to read DnsConfig.
[0426/162132:WARNING:dns_config_service_win.cc(665)] Failed to read DnsConfig.
[0426/162137:WARNING:dns_config_service_win.cc(665)] Failed to read DnsConfig.
[0426/162142:WARNING:dns_config_service_win.cc(665)] Failed to read DnsConfig.
[0426/162147:WARNING:dns_config_service_win.cc(665)] Failed to read DnsConfig.
[0426/162152:WARNING:dns_config_service_win.cc(665)] Failed to read DnsConfig.
[0426/162157:WARNING:dns_config_service_win.cc(665)] Failed to read DnsConfig.
[0426/162203:WARNING:dns_config_service_win.cc(665)] Failed to read DnsConfig.
[0426/162208:WARNING:dns_config_service_win.cc(665)] Failed to read DnsConfig.
[0426/162213:WARNING:dns_config_service_win.cc(665)] Failed to read DnsConfig.
[0426/162218:WARNING:dns_config_service_win.cc(665)] Failed to read DnsConfig.
[0426/162223:WARNING:dns_config_service_win.cc(665)] Failed to read DnsConfig.
[0426/162228:WARNING:dns_config_service_win.cc(665)] Failed to read DnsConfig.
[0426/162233:WARNING:dns_config_service_win.cc(665)] Failed to read DnsConfig.
[0426/162238:WARNING:dns_config_service_win.cc(665)] Failed to read DnsConfig.
[0426/162243:WARNING:dns_config_service_win.cc(665)] Failed to read DnsConfig.
[0426/162248:WARNING:dns_config_service_win.cc(665)] Failed to read DnsConfig.
[0426/162253:WARNING:dns_config_service_win.cc(665)] Failed to read DnsConfig.
[0426/162258:WARNING:dns_config_service_win.cc(665)] Failed to read DnsConfig.
[0426/162303:WARNING:dns_config_service_win.cc(665)] Failed to read DnsConfig.
[0426/162308:WARNING:dns_config_service_win.cc(665)] Failed to read DnsConfig.
[0426/162313:WARNING:dns_config_service_win.cc(665)] Failed to read DnsConfig.
[0426/162318:WARNING:dns_config_service_win.cc(665)] Failed to read DnsConfig.
[0426/162323:WARNING:dns_config_service_win.cc(665)] Failed to read DnsConfig.
[0426/162328:WARNING:dns_config_service_win.cc(665)] Failed to read DnsConfig.
[0426/162334:WARNING:dns_config_service_win.cc(665)] Failed to read DnsConfig.
[0426/162339:WARNING:dns_config_service_win.cc(665)] Failed to read DnsConfig.
[0426/162344:WARNING:dns_config_service_win.cc(665)] Failed to read DnsConfig.
[0426/162349:WARNING:dns_config_service_win.cc(665)] Failed to read DnsConfig.
[0426/162354:WARNING:dns_config_service_win.cc(665)] Failed to read DnsConfig.
[0426/162359:WARNING:dns_config_service_win.cc(665)] Failed to read DnsConfig.
[0426/162404:WARNING:dns_config_service_win.cc(665)] Failed to read DnsConfig.
[0426/162409:WARNING:dns_config_service_win.cc(665)] Failed to read DnsConfig.
[0426/162414:WARNING:dns_config_service_win.cc(665)] Failed to read DnsConfig.
[0426/162419:WARNING:dns_config_service_win.cc(665)] Failed to read DnsConfig.
[0426/162424:WARNING:dns_config_service_win.cc(665)] Failed to read DnsConfig.
[0426/162429:WARNING:dns_config_service_win.cc(665)] Failed to read DnsConfig.
[0426/162434:WARNING:dns_config_service_win.cc(665)] Failed to read DnsConfig.
[0426/162439:WARNING:dns_config_service_win.cc(665)] Failed to read DnsConfig.
[0426/162444:WARNING:dns_config_service_win.cc(665)] Failed to read DnsConfig.
[0426/162450:WARNING:dns_config_service_win.cc(665)] Failed to read DnsConfig.
[0426/162455:WARNING:dns_config_service_win.cc(665)] Failed to read DnsConfig.
[0426/162500:WARNING:dns_config_service_win.cc(665)] Failed to read DnsConfig.
[0426/162505:WARNING:dns_config_service_win.cc(665)] Failed to read DnsConfig.
[0426/162510:WARNING:dns_config_service_win.cc(665)] Failed to read DnsConfig.
[0426/162515:WARNING:dns_config_service_win.cc(665)] Failed to read DnsConfig.
[0426/162520:WARNING:dns_config_service_win.cc(665)] Failed to read DnsConfig.
[0426/162525:WARNING:dns_config_service_win.cc(665)] Failed to read DnsConfig.
[0426/162530:WARNING:dns_config_service_win.cc(665)] Failed to read DnsConfig.
[0426/162535:WARNING:dns_config_service_win.cc(665)] Failed to read DnsConfig.
[0426/162540:WARNING:dns_config_service_win.cc(665)] Failed to read DnsConfig.
[0426/162545:WARNING:dns_config_service_win.cc(665)] Failed to read DnsConfig.
[0426/162550:WARNING:dns_config_service_win.cc(665)] Failed to read DnsConfig.
[0426/162555:WARNING:dns_config_service_win.cc(665)] Failed to read DnsConfig.
[0426/162600:WARNING:dns_config_service_win.cc(665)] Failed to read DnsConfig.
[0426/162605:WARNING:dns_config_service_win.cc(665)] Failed to read DnsConfig.
[0426/162610:WARNING:dns_config_service_win.cc(665)] Failed to read DnsConfig.
[0426/162615:WARNING:dns_config_service_win.cc(665)] Failed to read DnsConfig.
[0426/162621:WARNING:dns_config_service_win.cc(665)] Failed to read DnsConfig.
[0426/162626:WARNING:dns_config_service_win.cc(665)] Failed to read DnsConfig.
[0426/162757:WARNING:dns_config_service_win.cc(665)] Failed to read DnsConfig.
[0426/162802:WARNING:dns_config_service_win.cc(665)] Failed to read DnsConfig.
[0426/162807:WARNING:dns_config_service_win.cc(665)] Failed to read DnsConfig.
[0426/162812:WARNING:dns_config_service_win.cc(665)] Failed to read DnsConfig.
[0426/162818:WARNING:dns_config_service_win.cc(665)] Failed to read DnsConfig.
[0426/162823:WARNING:dns_config_service_win.cc(665)] Failed to read DnsConfig.
[0426/162828:WARNING:dns_config_service_win.cc(665)] Failed to read DnsConfig.
[0426/162833:WARNING:dns_config_service_win.cc(665)] Failed to read DnsConfig.
[0426/162838:WARNING:dns_config_service_win.cc(665)] Failed to read DnsConfig.
[0426/162843:WARNING:dns_config_service_win.cc(665)] Failed to read DnsConfig.
[0426/162848:WARNING:dns_config_service_win.cc(665)] Failed to read DnsConfig.
[0426/162853:WARNING:dns_config_service_win.cc(665)] Failed to read DnsConfig.
[0426/162858:WARNING:dns_config_service_win.cc(665)] Failed to read DnsConfig.
[0426/162903:WARNING:dns_config_service_win.cc(665)] Failed to read DnsConfig.
[0426/162908:WARNING:dns_config_service_win.cc(665)] Failed to read DnsConfig.
[0426/162913:WARNING:dns_config_service_win.cc(665)] Failed to read DnsConfig.
[0426/162918:WARNING:dns_config_service_win.cc(665)] Failed to read DnsConfig.
[0426/162923:WARNING:dns_config_service_win.cc(665)] Failed to read DnsConfig.
[0426/162928:WARNING:dns_config_service_win.cc(665)] Failed to read DnsConfig.
[0426/162933:WARNING:dns_config_service_win.cc(665)] Failed to read DnsConfig.
[0426/162939:WARNING:dns_config_service_win.cc(665)] Failed to read DnsConfig.
[0426/162944:WARNING:dns_config_service_win.cc(665)] Failed to read DnsConfig.
[0426/162949:WARNING:dns_config_service_win.cc(665)] Failed to read DnsConfig.
[0426/162954:WARNING:dns_config_service_win.cc(665)] Failed to read DnsConfig.
[0426/162959:WARNING:dns_config_service_win.cc(665)] Failed to read DnsConfig.
[0426/163004:WARNING:dns_config_service_win.cc(665)] Failed to read DnsConfig.
[0426/163009:WARNING:dns_config_service_win.cc(665)] Failed to read DnsConfig.
[0426/163014:WARNING:dns_config_service_win.cc(665)] Failed to read DnsConfig.
[0426/163019:WARNING:dns_config_service_win.cc(665)] Failed to read DnsConfig.
[0426/163024:WARNING:dns_config_service_win.cc(665)] Failed to read DnsConfig.
[0426/163029:WARNING:dns_config_service_win.cc(665)] Failed to read DnsConfig.
[0426/163034:WARNING:dns_config_service_win.cc(665)] Failed to read DnsConfig.
[0426/163039:WARNING:dns_config_service_win.cc(665)] Failed to read DnsConfig.
[0426/163044:WARNING:dns_config_service_win.cc(665)] Failed to read DnsConfig.
[0426/163049:WARNING:dns_config_service_win.cc(665)] Failed to read DnsConfig.
[0426/163054:WARNING:dns_config_service_win.cc(665)] Failed to read DnsConfig.
[0426/163059:WARNING:dns_config_service_win.cc(665)] Failed to read DnsConfig.
[0426/163105:WARNING:dns_config_service_win.cc(665)] Failed to read DnsConfig.
[0426/163110:WARNING:dns_config_service_win.cc(665)] Failed to read DnsConfig.
[0426/163115:WARNING:dns_config_service_win.cc(665)] Failed to read DnsConfig.
[0426/163120:WARNING:dns_config_service_win.cc(665)] Failed to read DnsConfig.
[0426/163125:WARNING:dns_config_service_win.cc(665)] Failed to read DnsConfig.
[0426/163130:WARNING:dns_config_service_win.cc(665)] Failed to read DnsConfig.
[0426/163135:WARNING:dns_config_service_win.cc(665)] Failed to read DnsConfig.
[0426/163140:WARNING:dns_config_service_win.cc(665)] Failed to read DnsConfig.
[0426/163145:WARNING:dns_config_service_win.cc(665)] Failed to read DnsConfig.
[0426/163150:WARNING:dns_config_service_win.cc(665)] Failed to read DnsConfig.
[0426/163155:WARNING:dns_config_service_win.cc(665)] Failed to read DnsConfig.
[0426/163200:WARNING:dns_config_service_win.cc(665)] Failed to read DnsConfig.
[0426/163205:WARNING:dns_config_service_win.cc(665)] Failed to read DnsConfig.
[0426/163210:WARNING:dns_config_service_win.cc(665)] Failed to read DnsConfig.
[0426/163215:WARNING:dns_config_service_win.cc(665)] Failed to read DnsConfig.
[0426/163220:WARNING:dns_config_service_win.cc(665)] Failed to read DnsConfig.
[0426/163225:WARNING:dns_config_service_win.cc(665)] Failed to read DnsConfig.
[0426/163231:WARNING:dns_config_service_win.cc(665)] Failed to read DnsConfig.
[0426/163236:WARNING:dns_config_service_win.cc(665)] Failed to read DnsConfig.
[0426/163241:WARNING:dns_config_service_win.cc(665)] Failed to read DnsConfig.
[0426/163246:WARNING:dns_config_service_win.cc(665)] Failed to read DnsConfig.
[0426/163251:WARNING:dns_config_service_win.cc(665)] Failed to read DnsConfig.
[0426/163256:WARNING:dns_config_service_win.cc(665)] Failed to read DnsConfig.
[0426/163301:WARNING:dns_config_service_win.cc(665)] Failed to read DnsConfig.
[0426/163306:WARNING:dns_config_service_win.cc(665)] Failed to read DnsConfig.
[0426/163311:WARNING:dns_config_service_win.cc(665)] Failed to read DnsConfig.
[0426/163316:WARNING:dns_config_service_win.cc(665)] Failed to read DnsConfig.
[0426/163321:WARNING:dns_config_service_win.cc(665)] Failed to read DnsConfig.
[0426/163326:WARNING:dns_config_service_win.cc(665)] Failed to read DnsConfig.
[0426/163331:WARNING:dns_config_service_win.cc(665)] Failed to read DnsConfig.
[0426/163336:WARNING:dns_config_service_win.cc(665)] Failed to read DnsConfig.
[0426/163341:WARNING:dns_config_service_win.cc(665)] Failed to read DnsConfig.
[0426/163346:WARNING:dns_config_service_win.cc(665)] Failed to read DnsConfig.
[0426/163352:WARNING:dns_config_service_win.cc(665)] Failed to read DnsConfig.
[0426/163357:WARNING:dns_config_service_win.cc(665)] Failed to read DnsConfig.
[0426/163402:WARNING:dns_config_service_win.cc(665)] Failed to read DnsConfig.
[0426/163407:WARNING:dns_config_service_win.cc(665)] Failed to read DnsConfig.
[0426/163412:WARNING:dns_config_service_win.cc(665)] Failed to read DnsConfig.
[0426/163417:WARNING:dns_config_service_win.cc(665)] Failed to read DnsConfig.
[0426/163422:WARNING:dns_config_service_win.cc(665)] Failed to read DnsConfig.
[0426/163427:WARNING:dns_config_service_win.cc(665)] Failed to read DnsConfig.
[0426/163432:WARNING:dns_config_service_win.cc(665)] Failed to read DnsConfig.
[0426/163437:WARNING:dns_config_service_win.cc(665)] Failed to read DnsConfig.
[0426/163442:WARNING:dns_config_service_win.cc(665)] Failed to read DnsConfig.
[0426/163447:WARNING:dns_config_service_win.cc(665)] Failed to read DnsConfig.
[0426/163452:WARNING:dns_config_service_win.cc(665)] Failed to read DnsConfig.
[0426/163457:WARNING:dns_config_service_win.cc(665)] Failed to read DnsConfig.
[0426/163502:WARNING:dns_config_service_win.cc(665)] Failed to read DnsConfig.
[0426/163507:WARNING:dns_config_service_win.cc(665)] Failed to read DnsConfig.
[0426/163513:WARNING:dns_config_service_win.cc(665)] Failed to read DnsConfig.
[0426/163518:WARNING:dns_config_service_win.cc(665)] Failed to read DnsConfig.
[0426/163523:WARNING:dns_config_service_win.cc(665)] Failed to read DnsConfig.
[0426/163528:WARNING:dns_config_service_win.cc(665)] Failed to read DnsConfig.
[0426/163533:WARNING:dns_config_service_win.cc(665)] Failed to read DnsConfig.
[0426/163538:WARNING:dns_config_service_win.cc(665)] Failed to read DnsConfig.
[0426/163543:WARNING:dns_config_service_win.cc(665)] Failed to read DnsConfig.
[0426/163548:WARNING:dns_config_service_win.cc(665)] Failed to read DnsConfig.
[0426/163553:WARNING:dns_config_service_win.cc(665)] Failed to read DnsConfig.
[0426/163558:WARNING:dns_config_service_win.cc(665)] Failed to read DnsConfig.
[0426/163603:WARNING:dns_config_service_win.cc(665)] Failed to read DnsConfig.
[0426/163608:WARNING:dns_config_service_win.cc(665)] Failed to read DnsConfig.
[0426/163613:WARNING:dns_config_service_win.cc(665)] Failed to read DnsConfig.
[0426/163618:WARNING:dns_config_service_win.cc(665)] Failed to read DnsConfig.
[0426/163623:WARNING:dns_config_service_win.cc(665)] Failed to read DnsConfig.
[0426/163628:WARNING:dns_config_service_win.cc(665)] Failed to read DnsConfig.
[0426/163634:WARNING:dns_config_service_win.cc(665)] Failed to read DnsConfig.
[0426/163639:WARNING:dns_config_service_win.cc(665)] Failed to read DnsConfig.
[0426/163644:WARNING:dns_config_service_win.cc(665)] Failed to read DnsConfig.
[0426/163649:WARNING:dns_config_service_win.cc(665)] Failed to read DnsConfig.
[0426/163654:WARNING:dns_config_service_win.cc(665)] Failed to read DnsConfig.
[0426/163659:WARNING:dns_config_service_win.cc(665)] Failed to read DnsConfig.
[0426/163704:WARNING:dns_config_service_win.cc(665)] Failed to read DnsConfig.
[0426/163709:WARNING:dns_config_service_win.cc(665)] Failed to read DnsConfig.
[0426/163714:WARNING:dns_config_service_win.cc(665)] Failed to read DnsConfig.
[0426/163719:WARNING:dns_config_service_win.cc(665)] Failed to read DnsConfig.
[0426/163724:WARNING:dns_config_service_win.cc(665)] Failed to read DnsConfig.
[0426/163729:WARNING:dns_config_service_win.cc(665)] Failed to read DnsConfig.
[0426/163734:WARNING:dns_config_service_win.cc(665)] Failed to read DnsConfig.
[0426/163739:WARNING:dns_config_service_win.cc(665)] Failed to read DnsConfig.
[0426/163744:WARNING:dns_config_service_win.cc(665)] Failed to read DnsConfig.
[0426/163750:WARNING:dns_config_service_win.cc(665)] Failed to read DnsConfig.
[0426/163755:WARNING:dns_config_service_win.cc(665)] Failed to read DnsConfig.
[0426/163800:WARNING:dns_config_service_win.cc(665)] Failed to read DnsConfig.
[0426/163805:WARNING:dns_config_service_win.cc(665)] Failed to read DnsConfig.
[0426/163810:WARNING:dns_config_service_win.cc(665)] Failed to read DnsConfig.
[0426/163815:WARNING:dns_config_service_win.cc(665)] Failed to read DnsConfig.
[0426/163820:WARNING:dns_config_service_win.cc(665)] Failed to read DnsConfig.
[0426/163825:WARNING:dns_config_service_win.cc(665)] Failed to read DnsConfig.
[0426/163830:WARNING:dns_config_service_win.cc(665)] Failed to read DnsConfig.
[0426/163835:WARNING:dns_config_service_win.cc(665)] Failed to read DnsConfig.
[0426/163840:WARNING:dns_config_service_win.cc(665)] Failed to read DnsConfig.
[0426/163845:WARNING:dns_config_service_win.cc(665)] Failed to read DnsConfig.
[0426/163850:WARNING:dns_config_service_win.cc(665)] Failed to read DnsConfig.
[0426/163855:WARNING:dns_config_service_win.cc(665)] Failed to read DnsConfig.
[0426/163900:WARNING:dns_config_service_win.cc(665)] Failed to read DnsConfig.
[0426/163905:WARNING:dns_config_service_win.cc(665)] Failed to read DnsConfig.
[0426/163910:WARNING:dns_config_service_win.cc(665)] Failed to read DnsConfig.
[0426/163916:WARNING:dns_config_service_win.cc(665)] Failed to read DnsConfig.
[0426/163921:WARNING:dns_config_service_win.cc(665)] Failed to read DnsConfig.
[0426/163926:WARNING:dns_config_service_win.cc(665)] Failed to read DnsConfig.
[0426/163931:WARNING:dns_config_service_win.cc(665)] Failed to read DnsConfig.
[0426/163936:WARNING:dns_config_service_win.cc(665)] Failed to read DnsConfig.
[0426/163941:WARNING:dns_config_service_win.cc(665)] Failed to read DnsConfig.
[0426/163946:WARNING:dns_config_service_win.cc(665)] Failed to read DnsConfig.
[0426/163951:WARNING:dns_config_service_win.cc(665)] Failed to read DnsConfig.
[0426/163956:WARNING:dns_config_service_win.cc(665)] Failed to read DnsConfig.
[0426/164001:WARNING:dns_config_service_win.cc(665)] Failed to read DnsConfig.
[0426/164006:WARNING:dns_config_service_win.cc(665)] Failed to read DnsConfig.
[0426/164011:WARNING:dns_config_service_win.cc(665)] Failed to read DnsConfig.
[0426/164016:WARNING:dns_config_service_win.cc(665)] Failed to read DnsConfig.
[0426/164021:WARNING:dns_config_service_win.cc(665)] Failed to read DnsConfig.
[0426/164026:WARNING:dns_config_service_win.cc(665)] Failed to read DnsConfig.
[0426/164031:WARNING:dns_config_service_win.cc(665)] Failed to read DnsConfig.
[0426/164036:WARNING:dns_config_service_win.cc(665)] Failed to read DnsConfig.
[0426/164042:WARNING:dns_config_service_win.cc(665)] Failed to read DnsConfig.
[0426/164047:WARNING:dns_config_service_win.cc(665)] Failed to read DnsConfig.
[0426/164052:WARNING:dns_config_service_win.cc(665)] Failed to read DnsConfig.
[0426/164057:WARNING:dns_config_service_win.cc(665)] Failed to read DnsConfig.
[0426/164102:WARNING:dns_config_service_win.cc(665)] Failed to read DnsConfig.
[0426/164107:WARNING:dns_config_service_win.cc(665)] Failed to read DnsConfig.
[0426/164112:WARNING:dns_config_service_win.cc(665)] Failed to read DnsConfig.
[0426/164117:WARNING:dns_config_service_win.cc(665)] Failed to read DnsConfig.
[0426/164122:WARNING:dns_config_service_win.cc(665)] Failed to read DnsConfig.
[0426/164127:WARNING:dns_config_service_win.cc(665)] Failed to read DnsConfig.
[0426/164132:WARNING:dns_config_service_win.cc(665)] Failed to read DnsConfig.
[0426/164137:WARNING:dns_config_service_win.cc(665)] Failed to read DnsConfig.
[0426/164142:WARNING:dns_config_service_win.cc(665)] Failed to read DnsConfig.
[0426/164147:WARNING:dns_config_service_win.cc(665)] Failed to read DnsConfig.
[0426/164152:WARNING:dns_config_service_win.cc(665)] Failed to read DnsConfig.
[0426/164157:WARNING:dns_config_service_win.cc(665)] Failed to read DnsConfig.
[0426/164203:WARNING:dns_config_service_win.cc(665)] Failed to read DnsConfig.
[0426/164208:WARNING:dns_config_service_win.cc(665)] Failed to read DnsConfig.
[0426/164213:WARNING:dns_config_service_win.cc(665)] Failed to read DnsConfig.
[0426/164218:WARNING:dns_config_service_win.cc(665)] Failed to read DnsConfig.
[0426/164223:WARNING:dns_config_service_win.cc(665)] Failed to read DnsConfig.
[0426/164228:WARNING:dns_config_service_win.cc(665)] Failed to read DnsConfig.
[0426/164233:WARNING:dns_config_service_win.cc(665)] Failed to read DnsConfig.
[0426/164238:WARNING:dns_config_service_win.cc(665)] Failed to read DnsConfig.
[0426/164243:WARNING:dns_config_service_win.cc(665)] Failed to read DnsConfig.
[0426/164248:WARNING:dns_config_service_win.cc(665)] Failed to read DnsConfig.
[0426/164253:WARNING:dns_config_service_win.cc(665)] Failed to read DnsConfig.
[0426/164258:WARNING:dns_config_service_win.cc(665)] Failed to read DnsConfig.
[0426/164303:WARNING:dns_config_service_win.cc(665)] Failed to read DnsConfig.
[0426/164308:WARNING:dns_config_service_win.cc(665)] Failed to read DnsConfig.
[0426/164313:WARNING:dns_config_service_win.cc(665)] Failed to read DnsConfig.
[0426/164318:WARNING:dns_config_service_win.cc(665)] Failed to read DnsConfig.
[0426/164324:WARNING:dns_config_service_win.cc(665)] Failed to read DnsConfig.
[0426/164329:WARNING:dns_config_service_win.cc(665)] Failed to read DnsConfig.
[0426/164334:WARNING:dns_config_service_win.cc(665)] Failed to read DnsConfig.
[0426/164339:WARNING:dns_config_service_win.cc(665)] Failed to read DnsConfig.
[0426/164344:WARNING:dns_config_service_win.cc(665)] Failed to read DnsConfig.
[0426/164349:WARNING:dns_config_service_win.cc(665)] Failed to read DnsConfig.
[0426/164354:WARNING:dns_config_service_win.cc(665)] Failed to read DnsConfig.
[0426/164359:WARNING:dns_config_service_win.cc(665)] Failed to read DnsConfig.
[0426/164404:WARNING:dns_config_service_win.cc(665)] Failed to read DnsConfig.
[0426/164409:WARNING:dns_config_service_win.cc(665)] Failed to read DnsConfig.
[0426/164414:WARNING:dns_config_service_win.cc(665)] Failed to read DnsConfig.
[0426/164419:WARNING:dns_config_service_win.cc(665)] Failed to read DnsConfig.
[0426/164424:WARNING:dns_config_service_win.cc(665)] Failed to read DnsConfig.
[0426/164429:WARNING:dns_config_service_win.cc(665)] Failed to read DnsConfig.
[0426/164434:WARNING:dns_config_service_win.cc(665)] Failed to read DnsConfig.
[0426/164439:WARNING:dns_config_service_win.cc(665)] Failed to read DnsConfig.
[0426/164444:WARNING:dns_config_service_win.cc(665)] Failed to read DnsConfig.
[0426/164450:WARNING:dns_config_service_win.cc(665)] Failed to read DnsConfig.
[0426/164455:WARNING:dns_config_service_win.cc(665)] Failed to read DnsConfig.
[0426/164500:WARNING:dns_config_service_win.cc(665)] Failed to read DnsConfig.
[0426/164505:WARNING:dns_config_service_win.cc(665)] Failed to read DnsConfig.
[0426/164510:WARNING:dns_config_service_win.cc(665)] Failed to read DnsConfig.
[0426/164515:WARNING:dns_config_service_win.cc(665)] Failed to read DnsConfig.
[0426/164520:WARNING:dns_config_service_win.cc(665)] Failed to read DnsConfig.
[0426/164525:WARNING:dns_config_service_win.cc(665)] Failed to read DnsConfig.
[0426/164530:WARNING:dns_config_service_win.cc(665)] Failed to read DnsConfig.
[0426/164535:WARNING:dns_config_service_win.cc(665)] Failed to read DnsConfig.
[0426/164540:WARNING:dns_config_service_win.cc(665)] Failed to read DnsConfig.
[0426/164545:WARNING:dns_config_service_win.cc(665)] Failed to read DnsConfig.
[0426/164550:WARNING:dns_config_service_win.cc(665)] Failed to read DnsConfig.
[0426/164555:WARNING:dns_config_service_win.cc(665)] Failed to read DnsConfig.
[0426/164600:WARNING:dns_config_service_win.cc(665)] Failed to read DnsConfig.
[0426/164605:WARNING:dns_config_service_win.cc(665)] Failed to read DnsConfig.
[0426/164610:WARNING:dns_config_service_win.cc(665)] Failed to read DnsConfig.
[0426/164616:WARNING:dns_config_service_win.cc(665)] Failed to read DnsConfig.
[0426/164621:WARNING:dns_config_service_win.cc(665)] Failed to read DnsConfig.
[0426/164626:WARNING:dns_config_service_win.cc(665)] Failed to read DnsConfig.
[0426/164631:WARNING:dns_config_service_win.cc(665)] Failed to read DnsConfig.
[0426/164636:WARNING:dns_config_service_win.cc(665)] Failed to read DnsConfig.
[0426/164641:WARNING:dns_config_service_win.cc(665)] Failed to read DnsConfig.
[0426/164646:WARNING:dns_config_service_win.cc(665)] Failed to read DnsConfig.
[0426/164651:WARNING:dns_config_service_win.cc(665)] Failed to read DnsConfig.
[0426/164656:WARNING:dns_config_service_win.cc(665)] Failed to read DnsConfig.
[0426/164701:WARNING:dns_config_service_win.cc(665)] Failed to read DnsConfig.
[0426/164706:WARNING:dns_config_service_win.cc(665)] Failed to read DnsConfig.
[0426/164711:WARNING:dns_config_service_win.cc(665)] Failed to read DnsConfig.
[0426/164716:WARNING:dns_config_service_win.cc(665)] Failed to read DnsConfig.
[0426/164721:WARNING:dns_config_service_win.cc(665)] Failed to read DnsConfig.
[0426/164726:WARNING:dns_config_service_win.cc(665)] Failed to read DnsConfig.
[0426/164731:WARNING:dns_config_service_win.cc(665)] Failed to read DnsConfig.
[0426/164736:WARNING:dns_config_service_win.cc(665)] Failed to read DnsConfig.
[0426/164741:WARNING:dns_config_service_win.cc(665)] Failed to read DnsConfig.
[0426/164746:WARNING:dns_config_service_win.cc(665)] Failed to read DnsConfig.
[0426/164752:WARNING:dns_config_service_win.cc(665)] Failed to read DnsConfig.
[0426/164757:WARNING:dns_config_service_win.cc(665)] Failed to read DnsConfig.
[0426/164802:WARNING:dns_config_service_win.cc(665)] Failed to read DnsConfig.
[0426/164807:WARNING:dns_config_service_win.cc(665)] Failed to read DnsConfig.
[0426/164812:WARNING:dns_config_service_win.cc(665)] Failed to read DnsConfig.
[0426/164817:WARNING:dns_config_service_win.cc(665)] Failed to read DnsConfig.
[0426/164822:WARNING:dns_config_service_win.cc(665)] Failed to read DnsConfig.
[0426/164827:WARNING:dns_config_service_win.cc(665)] Failed to read DnsConfig.
[0426/164832:WARNING:dns_config_service_win.cc(665)] Failed to read DnsConfig.
[0426/164837:WARNING:dns_config_service_win.cc(665)] Failed to read DnsConfig.
[0426/164842:WARNING:dns_config_service_win.cc(665)] Failed to read DnsConfig.
[0426/164847:WARNING:dns_config_service_win.cc(665)] Failed to read DnsConfig.
[0426/164852:WARNING:dns_config_service_win.cc(665)] Failed to read DnsConfig.
[0426/164857:WARNING:dns_config_service_win.cc(665)] Failed to read DnsConfig.
[0426/164902:WARNING:dns_config_service_win.cc(665)] Failed to read DnsConfig.
[0426/164907:WARNING:dns_config_service_win.cc(665)] Failed to read DnsConfig.
[0426/164912:WARNING:dns_config_service_win.cc(665)] Failed to read DnsConfig.
[0426/164917:WARNING:dns_config_service_win.cc(665)] Failed to read DnsConfig.
[0426/164923:WARNING:dns_config_service_win.cc(665)] Failed to read DnsConfig.
[0426/164928:WARNING:dns_config_service_win.cc(665)] Failed to read DnsConfig.
[0426/164933:WARNING:dns_config_service_win.cc(665)] Failed to read DnsConfig.
[0426/164938:WARNING:dns_config_service_win.cc(665)] Failed to read DnsConfig.
[0426/164943:WARNING:dns_config_service_win.cc(665)] Failed to read DnsConfig.
[0426/164948:WARNING:dns_config_service_win.cc(665)] Failed to read DnsConfig.
[0426/164953:WARNING:dns_config_service_win.cc(665)] Failed to read DnsConfig.
[0426/164958:WARNING:dns_config_service_win.cc(665)] Failed to read DnsConfig.
[0426/165003:WARNING:dns_config_service_win.cc(665)] Failed to read DnsConfig.
[0426/165008:WARNING:dns_config_service_win.cc(665)] Failed to read DnsConfig.
[0426/165013:WARNING:dns_config_service_win.cc(665)] Failed to read DnsConfig.
[0426/165018:WARNING:dns_config_service_win.cc(665)] Failed to read DnsConfig.
[0426/165023:WARNING:dns_config_service_win.cc(665)] Failed to read DnsConfig.
[0426/165028:WARNING:dns_config_service_win.cc(665)] Failed to read DnsConfig.
[0426/165033:WARNING:dns_config_service_win.cc(665)] Failed to read DnsConfig.
[0426/165038:WARNING:dns_config_service_win.cc(665)] Failed to read DnsConfig.
[0426/165043:WARNING:dns_config_service_win.cc(665)] Failed to read DnsConfig.
[0426/165048:WARNING:dns_config_service_win.cc(665)] Failed to read DnsConfig.
[0426/165053:WARNING:dns_config_service_win.cc(665)] Failed to read DnsConfig.
[0426/165059:WARNING:dns_config_service_win.cc(665)] Failed to read DnsConfig.
[0426/165104:WARNING:dns_config_service_win.cc(665)] Failed to read DnsConfig.
[0426/165109:WARNING:dns_config_service_win.cc(665)] Failed to read DnsConfig.
[0426/165114:WARNING:dns_config_service_win.cc(665)] Failed to read DnsConfig.
[0426/165119:WARNING:dns_config_service_win.cc(665)] Failed to read DnsConfig.
[0426/165124:WARNING:dns_config_service_win.cc(665)] Failed to read DnsConfig.
[0426/165129:WARNING:dns_config_service_win.cc(665)] Failed to read DnsConfig.
[0426/165134:WARNING:dns_config_service_win.cc(665)] Failed to read DnsConfig.
[0426/165139:WARNING:dns_config_service_win.cc(665)] Failed to read DnsConfig.
[0426/165144:WARNING:dns_config_service_win.cc(665)] Failed to read DnsConfig.
[0426/165149:WARNING:dns_config_service_win.cc(665)] Failed to read DnsConfig.
[0426/165154:WARNING:dns_config_service_win.cc(665)] Failed to read DnsConfig.
[0426/165159:WARNING:dns_config_service_win.cc(665)] Failed to read DnsConfig.
[0426/165204:WARNING:dns_config_service_win.cc(665)] Failed to read DnsConfig.
[0426/165209:WARNING:dns_config_service_win.cc(665)] Failed to read DnsConfig.
[0426/165214:WARNING:dns_config_service_win.cc(665)] Failed to read DnsConfig.
[0426/165219:WARNING:dns_config_service_win.cc(665)] Failed to read DnsConfig.
[0426/165224:WARNING:dns_config_service_win.cc(665)] Failed to read DnsConfig.
[0426/165230:WARNING:dns_config_service_win.cc(665)] Failed to read DnsConfig.
[0426/165235:WARNING:dns_config_service_win.cc(665)] Failed to read DnsConfig.
[0426/165240:WARNING:dns_config_service_win.cc(665)] Failed to read DnsConfig.
[0426/165245:WARNING:dns_config_service_win.cc(665)] Failed to read DnsConfig.
[0426/165250:WARNING:dns_config_service_win.cc(665)] Failed to read DnsConfig.
[0426/165255:WARNING:dns_config_service_win.cc(665)] Failed to read DnsConfig.
[0426/165300:WARNING:dns_config_service_win.cc(665)] Failed to read DnsConfig.
[0426/165305:WARNING:dns_config_service_win.cc(665)] Failed to read DnsConfig.
[0426/165310:WARNING:dns_config_service_win.cc(665)] Failed to read DnsConfig.
[0426/165315:WARNING:dns_config_service_win.cc(665)] Failed to read DnsConfig.
[0426/165320:WARNING:dns_config_service_win.cc(665)] Failed to read DnsConfig.
[0426/165325:WARNING:dns_config_service_win.cc(665)] Failed to read DnsConfig.
[0426/165330:WARNING:dns_config_service_win.cc(665)] Failed to read DnsConfig.
[0426/165335:WARNING:dns_config_service_win.cc(665)] Failed to read DnsConfig.
[0426/165340:WARNING:dns_config_service_win.cc(665)] Failed to read DnsConfig.
[0426/165345:WARNING:dns_config_service_win.cc(665)] Failed to read DnsConfig.
[0426/165350:WARNING:dns_config_service_win.cc(665)] Failed to read DnsConfig.
[0426/165356:WARNING:dns_config_service_win.cc(665)] Failed to read DnsConfig.
[0426/165401:WARNING:dns_config_service_win.cc(665)] Failed to read DnsConfig.
[0426/165406:WARNING:dns_config_service_win.cc(665)] Failed to read DnsConfig.
[0426/165411:WARNING:dns_config_service_win.cc(665)] Failed to read DnsConfig.
[0426/165416:WARNING:dns_config_service_win.cc(665)] Failed to read DnsConfig.
[0426/165421:WARNING:dns_config_service_win.cc(665)] Failed to read DnsConfig.
[0426/165426:WARNING:dns_config_service_win.cc(665)] Failed to read DnsConfig.
[0426/165431:WARNING:dns_config_service_win.cc(665)] Failed to read DnsConfig.
[0426/165436:WARNING:dns_config_service_win.cc(665)] Failed to read DnsConfig.
[0426/165441:WARNING:dns_config_service_win.cc(665)] Failed to read DnsConfig.
[0426/165446:WARNING:dns_config_service_win.cc(665)] Failed to read DnsConfig.
[0426/165451:WARNING:dns_config_service_win.cc(665)] Failed to read DnsConfig.
[0426/165456:WARNING:dns_config_service_win.cc(665)] Failed to read DnsConfig.
[0426/165501:WARNING:dns_config_service_win.cc(665)] Failed to read DnsConfig.
[0426/165506:WARNING:dns_config_service_win.cc(665)] Failed to read DnsConfig.
[0426/165511:WARNING:dns_config_service_win.cc(665)] Failed to read DnsConfig.
[0426/165516:WARNING:dns_config_service_win.cc(665)] Failed to read DnsConfig.
[0426/165522:WARNING:dns_config_service_win.cc(665)] Failed to read DnsConfig.
[0426/165527:WARNING:dns_config_service_win.cc(665)] Failed to read DnsConfig.
[0426/165532:WARNING:dns_config_service_win.cc(665)] Failed to read DnsConfig.
[0426/165537:WARNING:dns_config_service_win.cc(665)] Failed to read DnsConfig.
[0426/165542:WARNING:dns_config_service_win.cc(665)] Failed to read DnsConfig.
[0426/165547:WARNING:dns_config_service_win.cc(665)] Failed to read DnsConfig.
[0426/165552:WARNING:dns_config_service_win.cc(665)] Failed to read DnsConfig.
[0426/165557:WARNING:dns_config_service_win.cc(665)] Failed to read DnsConfig.
[0426/165602:WARNING:dns_config_service_win.cc(665)] Failed to read DnsConfig.
[0426/165607:WARNING:dns_config_service_win.cc(665)] Failed to read DnsConfig.
[0426/165612:WARNING:dns_config_service_win.cc(665)] Failed to read DnsConfig.
[0426/165617:WARNING:dns_config_service_win.cc(665)] Failed to read DnsConfig.
[0426/165622:WARNING:dns_config_service_win.cc(665)] Failed to read DnsConfig.
[0426/165627:WARNING:dns_config_service_win.cc(665)] Failed to read DnsConfig.
[0426/165632:WARNING:dns_config_service_win.cc(665)] Failed to read DnsConfig.
[0426/165637:WARNING:dns_config_service_win.cc(665)] Failed to read DnsConfig.
[0426/165642:WARNING:dns_config_service_win.cc(665)] Failed to read DnsConfig.
[0426/165647:WARNING:dns_config_service_win.cc(665)] Failed to read DnsConfig.
[0426/165653:WARNING:dns_config_service_win.cc(665)] Failed to read DnsConfig.
[0426/165658:WARNING:dns_config_service_win.cc(665)] Failed to read DnsConfig.
[0426/165703:WARNING:dns_config_service_win.cc(665)] Failed to read DnsConfig.
[0426/165708:WARNING:dns_config_service_win.cc(665)] Failed to read DnsConfig.
[0426/165713:WARNING:dns_config_service_win.cc(665)] Failed to read DnsConfig.
[0426/165718:WARNING:dns_config_service_win.cc(665)] Failed to read DnsConfig.
[0426/165723:WARNING:dns_config_service_win.cc(665)] Failed to read DnsConfig.
[0426/165728:WARNING:dns_config_service_win.cc(665)] Failed to read DnsConfig.
[0426/165733:WARNING:dns_config_service_win.cc(665)] Failed to read DnsConfig.
[0426/165738:WARNING:dns_config_service_win.cc(665)] Failed to read DnsConfig.
[0426/165743:WARNING:dns_config_service_win.cc(665)] Failed to read DnsConfig.
[0426/165748:WARNING:dns_config_service_win.cc(665)] Failed to read DnsConfig.
[0426/165753:WARNING:dns_config_service_win.cc(665)] Failed to read DnsConfig.
[0426/165758:WARNING:dns_config_service_win.cc(665)] Failed to read DnsConfig.
[0426/165803:WARNING:dns_config_service_win.cc(665)] Failed to read DnsConfig.
[0426/165808:WARNING:dns_config_service_win.cc(665)] Failed to read DnsConfig.
[0426/165814:WARNING:dns_config_service_win.cc(665)] Failed to read DnsConfig.
[0426/165819:WARNING:dns_config_service_win.cc(665)] Failed to read DnsConfig.
[0426/165824:WARNING:dns_config_service_win.cc(665)] Failed to read DnsConfig.
[0426/165829:WARNING:dns_config_service_win.cc(665)] Failed to read DnsConfig.
[0426/165834:WARNING:dns_config_service_win.cc(665)] Failed to read DnsConfig.
[0426/165839:WARNING:dns_config_service_win.cc(665)] Failed to read DnsConfig.
[0426/165844:WARNING:dns_config_service_win.cc(665)] Failed to read DnsConfig.
[0426/165849:WARNING:dns_config_service_win.cc(665)] Failed to read DnsConfig.
[0426/165854:WARNING:dns_config_service_win.cc(665)] Failed to read DnsConfig.
[0426/165859:WARNING:dns_config_service_win.cc(665)] Failed to read DnsConfig.
[0426/165904:WARNING:dns_config_service_win.cc(665)] Failed to read DnsConfig.
[0426/165909:WARNING:dns_config_service_win.cc(665)] Failed to read DnsConfig.
[0426/165914:WARNING:dns_config_service_win.cc(665)] Failed to read DnsConfig.
[0426/165919:WARNING:dns_config_service_win.cc(665)] Failed to read DnsConfig.
[0426/165924:WARNING:dns_config_service_win.cc(665)] Failed to read DnsConfig.
[0426/165929:WARNING:dns_config_service_win.cc(665)] Failed to read DnsConfig.
[0426/165935:WARNING:dns_config_service_win.cc(665)] Failed to read DnsConfig.
[0426/165940:WARNING:dns_config_service_win.cc(665)] Failed to read DnsConfig.
[0426/165945:WARNING:dns_config_service_win.cc(665)] Failed to read DnsConfig.
[0426/165950:WARNING:dns_config_service_win.cc(665)] Failed to read DnsConfig.
[0426/165955:WARNING:dns_config_service_win.cc(665)] Failed to read DnsConfig.
[0426/170000:WARNING:dns_config_service_win.cc(665)] Failed to read DnsConfig.
[0426/170005:WARNING:dns_config_service_win.cc(665)] Failed to read DnsConfig.
[0426/170010:WARNING:dns_config_service_win.cc(665)] Failed to read DnsConfig.
[0426/170015:WARNING:dns_config_service_win.cc(665)] Failed to read DnsConfig.
[0426/170020:WARNING:dns_config_service_win.cc(665)] Failed to read DnsConfig.
[0426/170025:WARNING:dns_config_service_win.cc(665)] Failed to read DnsConfig.
[0426/170030:WARNING:dns_config_service_win.cc(665)] Failed to read DnsConfig.
[0426/170035:WARNING:dns_config_service_win.cc(665)] Failed to read DnsConfig.
[0426/170040:WARNING:dns_config_service_win.cc(665)] Failed to read DnsConfig.
[0426/170045:WARNING:dns_config_service_win.cc(665)] Failed to read DnsConfig.
[0426/170050:WARNING:dns_config_service_win.cc(665)] Failed to read DnsConfig.
[0426/170055:WARNING:dns_config_service_win.cc(665)] Failed to read DnsConfig.
[0426/170101:WARNING:dns_config_service_win.cc(665)] Failed to read DnsConfig.
[0426/170106:WARNING:dns_config_service_win.cc(665)] Failed to read DnsConfig.
[0426/170111:WARNING:dns_config_service_win.cc(665)] Failed to read DnsConfig.
[0426/170116:WARNING:dns_config_service_win.cc(665)] Failed to read DnsConfig.
[0426/170121:WARNING:dns_config_service_win.cc(665)] Failed to read DnsConfig.
[0426/170126:WARNING:dns_config_service_win.cc(665)] Failed to read DnsConfig.
[0426/170131:WARNING:dns_config_service_win.cc(665)] Failed to read DnsConfig.
[0426/170136:WARNING:dns_config_service_win.cc(665)] Failed to read DnsConfig.
[0426/170141:WARNING:dns_config_service_win.cc(665)] Failed to read DnsConfig.
[0426/170146:WARNING:dns_config_service_win.cc(665)] Failed to read DnsConfig.
[0426/170151:WARNING:dns_config_service_win.cc(665)] Failed to read DnsConfig.
[0426/170156:WARNING:dns_config_service_win.cc(665)] Failed to read DnsConfig.
[0426/170201:WARNING:dns_config_service_win.cc(665)] Failed to read DnsConfig.
[0426/170206:WARNING:dns_config_service_win.cc(665)] Failed to read DnsConfig.
[0426/170211:WARNING:dns_config_service_win.cc(665)] Failed to read DnsConfig.
[0426/170216:WARNING:dns_config_service_win.cc(665)] Failed to read DnsConfig.
[0426/170221:WARNING:dns_config_service_win.cc(665)] Failed to read DnsConfig.
[0426/170227:WARNING:dns_config_service_win.cc(665)] Failed to read DnsConfig.
[0426/170232:WARNING:dns_config_service_win.cc(665)] Failed to read DnsConfig.
[0426/170237:WARNING:dns_config_service_win.cc(665)] Failed to read DnsConfig.
[0426/170242:WARNING:dns_config_service_win.cc(665)] Failed to read DnsConfig.
[0426/170247:WARNING:dns_config_service_win.cc(665)] Failed to read DnsConfig.
[0426/170252:WARNING:dns_config_service_win.cc(665)] Failed to read DnsConfig.
[0426/170257:WARNING:dns_config_service_win.cc(665)] Failed to read DnsConfig.
[0426/170302:WARNING:dns_config_service_win.cc(665)] Failed to read DnsConfig.
[0426/170307:WARNING:dns_config_service_win.cc(665)] Failed to read DnsConfig.
[0426/170312:WARNING:dns_config_service_win.cc(665)] Failed to read DnsConfig.
[0426/170317:WARNING:dns_config_service_win.cc(665)] Failed to read DnsConfig.
[0426/170322:WARNING:dns_config_service_win.cc(665)] Failed to read DnsConfig.
[0426/170327:WARNING:dns_config_service_win.cc(665)] Failed to read DnsConfig.
[0426/180654:WARNING:dns_config_service_win.cc(665)] Failed to read DnsConfig.
[0426/210654:WARNING:dns_config_service_win.cc(665)] Failed to read DnsConfig.
[0426/210659:WARNING:dns_config_service_win.cc(665)] Failed to read DnsConfig.
[0426/210704:WARNING:dns_config_service_win.cc(665)] Failed to read DnsConfig.
[0427/084135:WARNING:dns_config_service_win.cc(665)] Failed to read DnsConfig.
[0427/084138:WARNING:dns_config_service_win.cc(665)] Failed to read DnsConfig.
